Started GET "/" for ::1 at 2017-04-26 12:16:13 -0500
Processing by PredictorController#index as HTML
  Rendering predictor/index.html.erb within layouts/application
  Rendered predictor/index.html.erb within layouts/application (11.1ms)
Completed 200 OK in 213ms (Views: 200.5ms | ActiveRecord: 0.0ms)


Started GET "/javascripts/application.js" for ::1 at 2017-04-26 12:16:14 -0500
  
ActionController::RoutingError (No route matches [GET] "/javascripts/application.js"):
  
actionpack (5.0.2) lib/action_dispatch/middleware/debug_exceptions.rb:53:in `call'
web-console (3.5.0) lib/web_console/middleware.rb:135:in `call_app'
web-console (3.5.0) lib/web_console/middleware.rb:28:in `block in call'
web-console (3.5.0) lib/web_console/middleware.rb:18:in `catch'
web-console (3.5.0) lib/web_console/middleware.rb:18:in `call'
actionpack (5.0.2) lib/action_dispatch/middleware/show_exceptions.rb:31:in `call'
railties (5.0.2) lib/rails/rack/logger.rb:36:in `call_app'
railties (5.0.2) lib/rails/rack/logger.rb:24:in `block in call'
activesupport (5.0.2) lib/active_support/tagged_logging.rb:69:in `block in tagged'
activesupport (5.0.2) lib/active_support/tagged_logging.rb:26:in `tagged'
activesupport (5.0.2) lib/active_support/tagged_logging.rb:69:in `tagged'
railties (5.0.2) lib/rails/rack/logger.rb:24:in `call'
sprockets-rails (3.2.0) lib/sprockets/rails/quiet_assets.rb:13:in `call'
actionpack (5.0.2) lib/action_dispatch/middleware/request_id.rb:24:in `call'
rack (2.0.1) lib/rack/method_override.rb:22:in `call'
rack (2.0.1) lib/rack/runtime.rb:22:in `call'
activesupport (5.0.2) lib/active_support/cache/strategy/local_cache_middleware.rb:28:in `call'
actionpack (5.0.2) lib/action_dispatch/middleware/executor.rb:12:in `call'
actionpack (5.0.2) lib/action_dispatch/middleware/static.rb:136:in `call'
rack (2.0.1) lib/rack/sendfile.rb:111:in `call'
railties (5.0.2) lib/rails/engine.rb:522:in `call'
puma (3.8.2) lib/puma/configuration.rb:224:in `call'
puma (3.8.2) lib/puma/server.rb:600:in `handle_request'
puma (3.8.2) lib/puma/server.rb:435:in `process_client'
puma (3.8.2) lib/puma/server.rb:299:in `block in run'
puma (3.8.2) lib/puma/thread_pool.rb:120:in `block in spawn_thread'
  Rendering /Users/edu/.rvm/gems/ruby-2.4.1@picoyplaca/gems/actionpack-5.0.2/lib/action_dispatch/middleware/templates/rescues/routing_error.html.erb within rescues/layout
  Rendering /Users/edu/.rvm/gems/ruby-2.4.1@picoyplaca/gems/actionpack-5.0.2/lib/action_dispatch/middleware/templates/rescues/_trace.html.erb
  Rendered /Users/edu/.rvm/gems/ruby-2.4.1@picoyplaca/gems/actionpack-5.0.2/lib/action_dispatch/middleware/templates/rescues/_trace.html.erb (2.2ms)
  Rendered collection of /Users/edu/.rvm/gems/ruby-2.4.1@picoyplaca/gems/actionpack-5.0.2/lib/action_dispatch/middleware/templates/routes/_route.html.erb [2 times] (2.2ms)
  Rendered /Users/edu/.rvm/gems/ruby-2.4.1@picoyplaca/gems/actionpack-5.0.2/lib/action_dispatch/middleware/templates/routes/_table.html.erb (6.7ms)
  Rendering /Users/edu/.rvm/gems/ruby-2.4.1@picoyplaca/gems/actionpack-5.0.2/lib/action_dispatch/middleware/templates/rescues/_request_and_response.html.erb
  Rendered /Users/edu/.rvm/gems/ruby-2.4.1@picoyplaca/gems/actionpack-5.0.2/lib/action_dispatch/middleware/templates/rescues/_request_and_response.html.erb (1.4ms)
  Rendered /Users/edu/.rvm/gems/ruby-2.4.1@picoyplaca/gems/actionpack-5.0.2/lib/action_dispatch/middleware/templates/rescues/routing_error.html.erb within rescues/layout (138.3ms)
Started POST "/check_plates" for ::1 at 2017-04-26 12:16:22 -0500
Processing by PredictorController#check_plates as HTML
  Parameters: {"utf8"=>"✓", "authenticity_token"=>"UvvyplDjUvCE1Ekox+NUuhSyga1YjnYzqFCLb93GNBS5MeNc171srTKybTUgnHNtOmDfrodRTEm7VN4OylsA/A==", "license_plates"=>"pco9390", "date"=>"04/26/2017", "time"=>{"(1i)"=>"2017", "(2i)"=>"4", "(3i)"=>"26", "(4i)"=>"17", "(5i)"=>"16"}, "commit"=>"Check"}
Completed 500 Internal Server Error in 3ms (ActiveRecord: 0.0ms)


  
NameError (uninitialized constant ApplicationRecord):
  
app/models/predictor.rb:1:in `<top (required)>'
app/controllers/predictor_controller.rb:13:in `check_plates'
  Rendering /Users/edu/.rvm/gems/ruby-2.4.1@picoyplaca/gems/actionpack-5.0.2/lib/action_dispatch/middleware/templates/rescues/diagnostics.html.erb within rescues/layout
  Rendering /Users/edu/.rvm/gems/ruby-2.4.1@picoyplaca/gems/actionpack-5.0.2/lib/action_dispatch/middleware/templates/rescues/_source.html.erb
  Rendered /Users/edu/.rvm/gems/ruby-2.4.1@picoyplaca/gems/actionpack-5.0.2/lib/action_dispatch/middleware/templates/rescues/_source.html.erb (4.2ms)
  Rendering /Users/edu/.rvm/gems/ruby-2.4.1@picoyplaca/gems/actionpack-5.0.2/lib/action_dispatch/middleware/templates/rescues/_trace.html.erb
  Rendered /Users/edu/.rvm/gems/ruby-2.4.1@picoyplaca/gems/actionpack-5.0.2/lib/action_dispatch/middleware/templates/rescues/_trace.html.erb (2.0ms)
  Rendering /Users/edu/.rvm/gems/ruby-2.4.1@picoyplaca/gems/actionpack-5.0.2/lib/action_dispatch/middleware/templates/rescues/_request_and_response.html.erb
  Rendered /Users/edu/.rvm/gems/ruby-2.4.1@picoyplaca/gems/actionpack-5.0.2/lib/action_dispatch/middleware/templates/rescues/_request_and_response.html.erb (1.3ms)
  Rendered /Users/edu/.rvm/gems/ruby-2.4.1@picoyplaca/gems/actionpack-5.0.2/lib/action_dispatch/middleware/templates/rescues/diagnostics.html.erb within rescues/layout (85.6ms)
Started GET "/" for ::1 at 2017-04-26 12:18:12 -0500
Processing by PredictorController#index as HTML
  Rendering predictor/index.html.erb within layouts/application
  Rendered predictor/index.html.erb within layouts/application (11.1ms)
Completed 200 OK in 166ms (Views: 154.9ms | ActiveRecord: 0.0ms)


Started GET "/javascripts/application.js" for ::1 at 2017-04-26 12:18:13 -0500
  
ActionController::RoutingError (No route matches [GET] "/javascripts/application.js"):
  
actionpack (5.0.2) lib/action_dispatch/middleware/debug_exceptions.rb:53:in `call'
web-console (3.5.0) lib/web_console/middleware.rb:135:in `call_app'
web-console (3.5.0) lib/web_console/middleware.rb:28:in `block in call'
web-console (3.5.0) lib/web_console/middleware.rb:18:in `catch'
web-console (3.5.0) lib/web_console/middleware.rb:18:in `call'
actionpack (5.0.2) lib/action_dispatch/middleware/show_exceptions.rb:31:in `call'
railties (5.0.2) lib/rails/rack/logger.rb:36:in `call_app'
railties (5.0.2) lib/rails/rack/logger.rb:24:in `block in call'
activesupport (5.0.2) lib/active_support/tagged_logging.rb:69:in `block in tagged'
activesupport (5.0.2) lib/active_support/tagged_logging.rb:26:in `tagged'
activesupport (5.0.2) lib/active_support/tagged_logging.rb:69:in `tagged'
railties (5.0.2) lib/rails/rack/logger.rb:24:in `call'
sprockets-rails (3.2.0) lib/sprockets/rails/quiet_assets.rb:13:in `call'
actionpack (5.0.2) lib/action_dispatch/middleware/request_id.rb:24:in `call'
rack (2.0.1) lib/rack/method_override.rb:22:in `call'
rack (2.0.1) lib/rack/runtime.rb:22:in `call'
activesupport (5.0.2) lib/active_support/cache/strategy/local_cache_middleware.rb:28:in `call'
actionpack (5.0.2) lib/action_dispatch/middleware/executor.rb:12:in `call'
actionpack (5.0.2) lib/action_dispatch/middleware/static.rb:136:in `call'
rack (2.0.1) lib/rack/sendfile.rb:111:in `call'
railties (5.0.2) lib/rails/engine.rb:522:in `call'
puma (3.8.2) lib/puma/configuration.rb:224:in `call'
puma (3.8.2) lib/puma/server.rb:600:in `handle_request'
puma (3.8.2) lib/puma/server.rb:435:in `process_client'
puma (3.8.2) lib/puma/server.rb:299:in `block in run'
puma (3.8.2) lib/puma/thread_pool.rb:120:in `block in spawn_thread'
  Rendering /Users/edu/.rvm/gems/ruby-2.4.1@picoyplaca/gems/actionpack-5.0.2/lib/action_dispatch/middleware/templates/rescues/routing_error.html.erb within rescues/layout
  Rendering /Users/edu/.rvm/gems/ruby-2.4.1@picoyplaca/gems/actionpack-5.0.2/lib/action_dispatch/middleware/templates/rescues/_trace.html.erb
  Rendered /Users/edu/.rvm/gems/ruby-2.4.1@picoyplaca/gems/actionpack-5.0.2/lib/action_dispatch/middleware/templates/rescues/_trace.html.erb (23.4ms)
  Rendered collection of /Users/edu/.rvm/gems/ruby-2.4.1@picoyplaca/gems/actionpack-5.0.2/lib/action_dispatch/middleware/templates/routes/_route.html.erb [2 times] (1.8ms)
  Rendered /Users/edu/.rvm/gems/ruby-2.4.1@picoyplaca/gems/actionpack-5.0.2/lib/action_dispatch/middleware/templates/routes/_table.html.erb (3.8ms)
  Rendering /Users/edu/.rvm/gems/ruby-2.4.1@picoyplaca/gems/actionpack-5.0.2/lib/action_dispatch/middleware/templates/rescues/_request_and_response.html.erb
  Rendered /Users/edu/.rvm/gems/ruby-2.4.1@picoyplaca/gems/actionpack-5.0.2/lib/action_dispatch/middleware/templates/rescues/_request_and_response.html.erb (1.3ms)
  Rendered /Users/edu/.rvm/gems/ruby-2.4.1@picoyplaca/gems/actionpack-5.0.2/lib/action_dispatch/middleware/templates/rescues/routing_error.html.erb within rescues/layout (135.1ms)
Started POST "/check_plates" for ::1 at 2017-04-26 12:18:17 -0500
Processing by PredictorController#check_plates as HTML
  Parameters: {"utf8"=>"✓", "authenticity_token"=>"bMPbWiuZkW0BlRTFeEKwDGfC7G+8WmX7tpw54QxKinKHCcqgrMevMLfzMNifPZfbSRCybGOFX4GlmGyAG9e+mg==", "license_plates"=>"pco9390", "date"=>"04/26/2017", "time"=>{"(1i)"=>"2017", "(2i)"=>"4", "(3i)"=>"26", "(4i)"=>"17", "(5i)"=>"18"}, "commit"=>"Check"}
Redirected to http://localhost:3000/
Completed 302 Found in 84ms (ActiveRecord: 0.0ms)


Started GET "/" for ::1 at 2017-04-26 12:18:17 -0500
Processing by PredictorController#index as HTML
  Rendering predictor/index.html.erb within layouts/application
  Rendered predictor/index.html.erb within layouts/application (4.5ms)
Completed 200 OK in 24ms (Views: 17.4ms | ActiveRecord: 0.0ms)


Started GET "/javascripts/application.js" for ::1 at 2017-04-26 12:18:17 -0500
  
ActionController::RoutingError (No route matches [GET] "/javascripts/application.js"):
  
actionpack (5.0.2) lib/action_dispatch/middleware/debug_exceptions.rb:53:in `call'
web-console (3.5.0) lib/web_console/middleware.rb:135:in `call_app'
web-console (3.5.0) lib/web_console/middleware.rb:28:in `block in call'
web-console (3.5.0) lib/web_console/middleware.rb:18:in `catch'
web-console (3.5.0) lib/web_console/middleware.rb:18:in `call'
actionpack (5.0.2) lib/action_dispatch/middleware/show_exceptions.rb:31:in `call'
railties (5.0.2) lib/rails/rack/logger.rb:36:in `call_app'
railties (5.0.2) lib/rails/rack/logger.rb:24:in `block in call'
activesupport (5.0.2) lib/active_support/tagged_logging.rb:69:in `block in tagged'
activesupport (5.0.2) lib/active_support/tagged_logging.rb:26:in `tagged'
activesupport (5.0.2) lib/active_support/tagged_logging.rb:69:in `tagged'
railties (5.0.2) lib/rails/rack/logger.rb:24:in `call'
sprockets-rails (3.2.0) lib/sprockets/rails/quiet_assets.rb:13:in `call'
actionpack (5.0.2) lib/action_dispatch/middleware/request_id.rb:24:in `call'
rack (2.0.1) lib/rack/method_override.rb:22:in `call'
rack (2.0.1) lib/rack/runtime.rb:22:in `call'
activesupport (5.0.2) lib/active_support/cache/strategy/local_cache_middleware.rb:28:in `call'
actionpack (5.0.2) lib/action_dispatch/middleware/executor.rb:12:in `call'
actionpack (5.0.2) lib/action_dispatch/middleware/static.rb:136:in `call'
rack (2.0.1) lib/rack/sendfile.rb:111:in `call'
railties (5.0.2) lib/rails/engine.rb:522:in `call'
puma (3.8.2) lib/puma/configuration.rb:224:in `call'
puma (3.8.2) lib/puma/server.rb:600:in `handle_request'
puma (3.8.2) lib/puma/server.rb:435:in `process_client'
puma (3.8.2) lib/puma/server.rb:299:in `block in run'
puma (3.8.2) lib/puma/thread_pool.rb:120:in `block in spawn_thread'
  Rendering /Users/edu/.rvm/gems/ruby-2.4.1@picoyplaca/gems/actionpack-5.0.2/lib/action_dispatch/middleware/templates/rescues/routing_error.html.erb within rescues/layout
  Rendering /Users/edu/.rvm/gems/ruby-2.4.1@picoyplaca/gems/actionpack-5.0.2/lib/action_dispatch/middleware/templates/rescues/_trace.html.erb
  Rendered /Users/edu/.rvm/gems/ruby-2.4.1@picoyplaca/gems/actionpack-5.0.2/lib/action_dispatch/middleware/templates/rescues/_trace.html.erb (3.1ms)
  Rendered collection of /Users/edu/.rvm/gems/ruby-2.4.1@picoyplaca/gems/actionpack-5.0.2/lib/action_dispatch/middleware/templates/routes/_route.html.erb [2 times] (2.6ms)
  Rendered /Users/edu/.rvm/gems/ruby-2.4.1@picoyplaca/gems/actionpack-5.0.2/lib/action_dispatch/middleware/templates/routes/_table.html.erb (2.6ms)
  Rendering /Users/edu/.rvm/gems/ruby-2.4.1@picoyplaca/gems/actionpack-5.0.2/lib/action_dispatch/middleware/templates/rescues/_request_and_response.html.erb
  Rendered /Users/edu/.rvm/gems/ruby-2.4.1@picoyplaca/gems/actionpack-5.0.2/lib/action_dispatch/middleware/templates/rescues/_request_and_response.html.erb (2.1ms)
  Rendered /Users/edu/.rvm/gems/ruby-2.4.1@picoyplaca/gems/actionpack-5.0.2/lib/action_dispatch/middleware/templates/rescues/routing_error.html.erb within rescues/layout (113.2ms)
Started POST "/check_plates" for ::1 at 2017-04-26 12:18:24 -0500
Processing by PredictorController#check_plates as HTML
  Parameters: {"utf8"=>"✓", "authenticity_token"=>"V30R7EAQESW/TTMHv4m1YhdIrI2Ws21NDl7yDUEL3cK8twAWx04veAkrFxpY9pK1OZryjklsVzcdWqdsVpbpKg==", "license_plates"=>"pco9396", "date"=>"04/26/2017", "time"=>{"(1i)"=>"2017", "(2i)"=>"4", "(3i)"=>"26", "(4i)"=>"17", "(5i)"=>"18"}, "commit"=>"Check"}
Redirected to http://localhost:3000/
Completed 302 Found in 2ms (ActiveRecord: 0.0ms)


Started GET "/" for ::1 at 2017-04-26 12:18:24 -0500
Processing by PredictorController#index as HTML
  Rendering predictor/index.html.erb within layouts/application
  Rendered predictor/index.html.erb within layouts/application (2.5ms)
Completed 200 OK in 13ms (Views: 11.2ms | ActiveRecord: 0.0ms)


Started GET "/javascripts/application.js" for ::1 at 2017-04-26 12:18:24 -0500
  
ActionController::RoutingError (No route matches [GET] "/javascripts/application.js"):
  
actionpack (5.0.2) lib/action_dispatch/middleware/debug_exceptions.rb:53:in `call'
web-console (3.5.0) lib/web_console/middleware.rb:135:in `call_app'
web-console (3.5.0) lib/web_console/middleware.rb:28:in `block in call'
web-console (3.5.0) lib/web_console/middleware.rb:18:in `catch'
web-console (3.5.0) lib/web_console/middleware.rb:18:in `call'
actionpack (5.0.2) lib/action_dispatch/middleware/show_exceptions.rb:31:in `call'
railties (5.0.2) lib/rails/rack/logger.rb:36:in `call_app'
railties (5.0.2) lib/rails/rack/logger.rb:24:in `block in call'
activesupport (5.0.2) lib/active_support/tagged_logging.rb:69:in `block in tagged'
activesupport (5.0.2) lib/active_support/tagged_logging.rb:26:in `tagged'
activesupport (5.0.2) lib/active_support/tagged_logging.rb:69:in `tagged'
railties (5.0.2) lib/rails/rack/logger.rb:24:in `call'
sprockets-rails (3.2.0) lib/sprockets/rails/quiet_assets.rb:13:in `call'
actionpack (5.0.2) lib/action_dispatch/middleware/request_id.rb:24:in `call'
rack (2.0.1) lib/rack/method_override.rb:22:in `call'
rack (2.0.1) lib/rack/runtime.rb:22:in `call'
activesupport (5.0.2) lib/active_support/cache/strategy/local_cache_middleware.rb:28:in `call'
actionpack (5.0.2) lib/action_dispatch/middleware/executor.rb:12:in `call'
actionpack (5.0.2) lib/action_dispatch/middleware/static.rb:136:in `call'
rack (2.0.1) lib/rack/sendfile.rb:111:in `call'
railties (5.0.2) lib/rails/engine.rb:522:in `call'
puma (3.8.2) lib/puma/configuration.rb:224:in `call'
puma (3.8.2) lib/puma/server.rb:600:in `handle_request'
puma (3.8.2) lib/puma/server.rb:435:in `process_client'
puma (3.8.2) lib/puma/server.rb:299:in `block in run'
puma (3.8.2) lib/puma/thread_pool.rb:120:in `block in spawn_thread'
  Rendering /Users/edu/.rvm/gems/ruby-2.4.1@picoyplaca/gems/actionpack-5.0.2/lib/action_dispatch/middleware/templates/rescues/routing_error.html.erb within rescues/layout
  Rendering /Users/edu/.rvm/gems/ruby-2.4.1@picoyplaca/gems/actionpack-5.0.2/lib/action_dispatch/middleware/templates/rescues/_trace.html.erb
  Rendered /Users/edu/.rvm/gems/ruby-2.4.1@picoyplaca/gems/actionpack-5.0.2/lib/action_dispatch/middleware/templates/rescues/_trace.html.erb (1.5ms)
  Rendered collection of /Users/edu/.rvm/gems/ruby-2.4.1@picoyplaca/gems/actionpack-5.0.2/lib/action_dispatch/middleware/templates/routes/_route.html.erb [2 times] (1.3ms)
  Rendered /Users/edu/.rvm/gems/ruby-2.4.1@picoyplaca/gems/actionpack-5.0.2/lib/action_dispatch/middleware/templates/routes/_table.html.erb (1.2ms)
  Rendering /Users/edu/.rvm/gems/ruby-2.4.1@picoyplaca/gems/actionpack-5.0.2/lib/action_dispatch/middleware/templates/rescues/_request_and_response.html.erb
  Rendered /Users/edu/.rvm/gems/ruby-2.4.1@picoyplaca/gems/actionpack-5.0.2/lib/action_dispatch/middleware/templates/rescues/_request_and_response.html.erb (1.1ms)
  Rendered /Users/edu/.rvm/gems/ruby-2.4.1@picoyplaca/gems/actionpack-5.0.2/lib/action_dispatch/middleware/templates/rescues/routing_error.html.erb within rescues/layout (113.8ms)
Started GET "/" for ::1 at 2017-04-26 15:28:58 -0500
Processing by PredictorController#index as HTML
  Rendering predictor/index.html.erb within layouts/application
  Rendered predictor/index.html.erb within layouts/application (17.3ms)
Completed 200 OK in 310ms (Views: 293.7ms | ActiveRecord: 0.0ms)


Started GET "/javascripts/application.js" for ::1 at 2017-04-26 15:28:58 -0500
  
ActionController::RoutingError (No route matches [GET] "/javascripts/application.js"):
  
actionpack (5.0.2) lib/action_dispatch/middleware/debug_exceptions.rb:53:in `call'
web-console (3.5.0) lib/web_console/middleware.rb:135:in `call_app'
web-console (3.5.0) lib/web_console/middleware.rb:28:in `block in call'
web-console (3.5.0) lib/web_console/middleware.rb:18:in `catch'
web-console (3.5.0) lib/web_console/middleware.rb:18:in `call'
actionpack (5.0.2) lib/action_dispatch/middleware/show_exceptions.rb:31:in `call'
railties (5.0.2) lib/rails/rack/logger.rb:36:in `call_app'
railties (5.0.2) lib/rails/rack/logger.rb:24:in `block in call'
activesupport (5.0.2) lib/active_support/tagged_logging.rb:69:in `block in tagged'
activesupport (5.0.2) lib/active_support/tagged_logging.rb:26:in `tagged'
activesupport (5.0.2) lib/active_support/tagged_logging.rb:69:in `tagged'
railties (5.0.2) lib/rails/rack/logger.rb:24:in `call'
sprockets-rails (3.2.0) lib/sprockets/rails/quiet_assets.rb:13:in `call'
actionpack (5.0.2) lib/action_dispatch/middleware/request_id.rb:24:in `call'
rack (2.0.1) lib/rack/method_override.rb:22:in `call'
rack (2.0.1) lib/rack/runtime.rb:22:in `call'
activesupport (5.0.2) lib/active_support/cache/strategy/local_cache_middleware.rb:28:in `call'
actionpack (5.0.2) lib/action_dispatch/middleware/executor.rb:12:in `call'
actionpack (5.0.2) lib/action_dispatch/middleware/static.rb:136:in `call'
rack (2.0.1) lib/rack/sendfile.rb:111:in `call'
railties (5.0.2) lib/rails/engine.rb:522:in `call'
puma (3.8.2) lib/puma/configuration.rb:224:in `call'
puma (3.8.2) lib/puma/server.rb:600:in `handle_request'
puma (3.8.2) lib/puma/server.rb:435:in `process_client'
puma (3.8.2) lib/puma/server.rb:299:in `block in run'
puma (3.8.2) lib/puma/thread_pool.rb:120:in `block in spawn_thread'
  Rendering /Users/edu/.rvm/gems/ruby-2.4.1@picoyplaca/gems/actionpack-5.0.2/lib/action_dispatch/middleware/templates/rescues/routing_error.html.erb within rescues/layout
  Rendering /Users/edu/.rvm/gems/ruby-2.4.1@picoyplaca/gems/actionpack-5.0.2/lib/action_dispatch/middleware/templates/rescues/_trace.html.erb
  Rendered /Users/edu/.rvm/gems/ruby-2.4.1@picoyplaca/gems/actionpack-5.0.2/lib/action_dispatch/middleware/templates/rescues/_trace.html.erb (2.9ms)
  Rendered collection of /Users/edu/.rvm/gems/ruby-2.4.1@picoyplaca/gems/actionpack-5.0.2/lib/action_dispatch/middleware/templates/routes/_route.html.erb [2 times] (1.7ms)
  Rendered /Users/edu/.rvm/gems/ruby-2.4.1@picoyplaca/gems/actionpack-5.0.2/lib/action_dispatch/middleware/templates/routes/_table.html.erb (4.6ms)
  Rendering /Users/edu/.rvm/gems/ruby-2.4.1@picoyplaca/gems/actionpack-5.0.2/lib/action_dispatch/middleware/templates/rescues/_request_and_response.html.erb
  Rendered /Users/edu/.rvm/gems/ruby-2.4.1@picoyplaca/gems/actionpack-5.0.2/lib/action_dispatch/middleware/templates/rescues/_request_and_response.html.erb (1.8ms)
  Rendered /Users/edu/.rvm/gems/ruby-2.4.1@picoyplaca/gems/actionpack-5.0.2/lib/action_dispatch/middleware/templates/rescues/routing_error.html.erb within rescues/layout (149.9ms)
Started POST "/check_plates" for ::1 at 2017-04-26 15:29:04 -0500
Processing by PredictorController#check_plates as HTML
  Parameters: {"utf8"=>"✓", "authenticity_token"=>"ZoXWdYZHOkIfbHDGejtNo+IVpzMGWUtLHsHh8WW6WyGNT8ePARkEH6kKVNudRGp0zMf5MNmGcTENxbSQcidvyQ==", "license_plates"=>"pco9390", "date"=>"04/26/2017", "time"=>{"(1i)"=>"2017", "(2i)"=>"4", "(3i)"=>"26", "(4i)"=>"20", "(5i)"=>"28"}, "commit"=>"Check"}
Redirected to http://localhost:3000/
Completed 302 Found in 50ms (ActiveRecord: 0.0ms)


Started GET "/" for ::1 at 2017-04-26 15:29:04 -0500
Processing by PredictorController#index as HTML
  Rendering predictor/index.html.erb within layouts/application
  Rendered predictor/index.html.erb within layouts/application (2.9ms)
Completed 200 OK in 13ms (Views: 11.4ms | ActiveRecord: 0.0ms)


Started GET "/javascripts/application.js" for ::1 at 2017-04-26 15:29:04 -0500
  
ActionController::RoutingError (No route matches [GET] "/javascripts/application.js"):
  
actionpack (5.0.2) lib/action_dispatch/middleware/debug_exceptions.rb:53:in `call'
web-console (3.5.0) lib/web_console/middleware.rb:135:in `call_app'
web-console (3.5.0) lib/web_console/middleware.rb:28:in `block in call'
web-console (3.5.0) lib/web_console/middleware.rb:18:in `catch'
web-console (3.5.0) lib/web_console/middleware.rb:18:in `call'
actionpack (5.0.2) lib/action_dispatch/middleware/show_exceptions.rb:31:in `call'
railties (5.0.2) lib/rails/rack/logger.rb:36:in `call_app'
railties (5.0.2) lib/rails/rack/logger.rb:24:in `block in call'
activesupport (5.0.2) lib/active_support/tagged_logging.rb:69:in `block in tagged'
activesupport (5.0.2) lib/active_support/tagged_logging.rb:26:in `tagged'
activesupport (5.0.2) lib/active_support/tagged_logging.rb:69:in `tagged'
railties (5.0.2) lib/rails/rack/logger.rb:24:in `call'
sprockets-rails (3.2.0) lib/sprockets/rails/quiet_assets.rb:13:in `call'
actionpack (5.0.2) lib/action_dispatch/middleware/request_id.rb:24:in `call'
rack (2.0.1) lib/rack/method_override.rb:22:in `call'
rack (2.0.1) lib/rack/runtime.rb:22:in `call'
activesupport (5.0.2) lib/active_support/cache/strategy/local_cache_middleware.rb:28:in `call'
actionpack (5.0.2) lib/action_dispatch/middleware/executor.rb:12:in `call'
actionpack (5.0.2) lib/action_dispatch/middleware/static.rb:136:in `call'
rack (2.0.1) lib/rack/sendfile.rb:111:in `call'
railties (5.0.2) lib/rails/engine.rb:522:in `call'
puma (3.8.2) lib/puma/configuration.rb:224:in `call'
puma (3.8.2) lib/puma/server.rb:600:in `handle_request'
puma (3.8.2) lib/puma/server.rb:435:in `process_client'
puma (3.8.2) lib/puma/server.rb:299:in `block in run'
puma (3.8.2) lib/puma/thread_pool.rb:120:in `block in spawn_thread'
  Rendering /Users/edu/.rvm/gems/ruby-2.4.1@picoyplaca/gems/actionpack-5.0.2/lib/action_dispatch/middleware/templates/rescues/routing_error.html.erb within rescues/layout
  Rendering /Users/edu/.rvm/gems/ruby-2.4.1@picoyplaca/gems/actionpack-5.0.2/lib/action_dispatch/middleware/templates/rescues/_trace.html.erb
  Rendered /Users/edu/.rvm/gems/ruby-2.4.1@picoyplaca/gems/actionpack-5.0.2/lib/action_dispatch/middleware/templates/rescues/_trace.html.erb (2.0ms)
  Rendered collection of /Users/edu/.rvm/gems/ruby-2.4.1@picoyplaca/gems/actionpack-5.0.2/lib/action_dispatch/middleware/templates/routes/_route.html.erb [2 times] (1.3ms)
  Rendered /Users/edu/.rvm/gems/ruby-2.4.1@picoyplaca/gems/actionpack-5.0.2/lib/action_dispatch/middleware/templates/routes/_table.html.erb (1.9ms)
  Rendering /Users/edu/.rvm/gems/ruby-2.4.1@picoyplaca/gems/actionpack-5.0.2/lib/action_dispatch/middleware/templates/rescues/_request_and_response.html.erb
  Rendered /Users/edu/.rvm/gems/ruby-2.4.1@picoyplaca/gems/actionpack-5.0.2/lib/action_dispatch/middleware/templates/rescues/_request_and_response.html.erb (1.2ms)
  Rendered /Users/edu/.rvm/gems/ruby-2.4.1@picoyplaca/gems/actionpack-5.0.2/lib/action_dispatch/middleware/templates/rescues/routing_error.html.erb within rescues/layout (102.6ms)
